make --dry-run --always-make --keep-going --print-directory
make: Entering directory `/Users/ethanhofton/Documents/c++/mayGL'
mkdir -p lib
mkdir -p lib/static
cd lib/spdlog && cmake . && make
cd lib/fmt && cmake . && make
cd lib/glew/auto && make && cd .. && make && make install
cd lib/SDL2 && mkdir -p build && cd build && cmake .. && make
c++ -c src/camera/camera.cpp -o lib/static/camera.o -Werror -Wall -std=c++17 -Wc++11-extensions -Wvexing-parse -stdlib=libc++ -Ilib/glm/ -Ilib/spdlog/include/ -Ilib/rapidjson/include/ -Ilib/fmt/include/ -Ilib/glew/include/ -Ilib/SDL2/include/ -Ilib/stb_image/ -Iinclude/
c++ -c src/camera/camera2D.cpp -o lib/static/camera2D.o -Werror -Wall -std=c++17 -Wc++11-extensions -Wvexing-parse -stdlib=libc++ -Ilib/glm/ -Ilib/spdlog/include/ -Ilib/rapidjson/include/ -Ilib/fmt/include/ -Ilib/glew/include/ -Ilib/SDL2/include/ -Ilib/stb_image/ -Iinclude/
c++ -c src/camera/camera3D.cpp -o lib/static/camera3D.o -Werror -Wall -std=c++17 -Wc++11-extensions -Wvexing-parse -stdlib=libc++ -Ilib/glm/ -Ilib/spdlog/include/ -Ilib/rapidjson/include/ -Ilib/fmt/include/ -Ilib/glew/include/ -Ilib/SDL2/include/ -Ilib/stb_image/ -Iinclude/
c++ -c src/component/colorComponent.cpp -o lib/static/colorComponent.o -Werror -Wall -std=c++17 -Wc++11-extensions -Wvexing-parse -stdlib=libc++ -Ilib/glm/ -Ilib/spdlog/include/ -Ilib/rapidjson/include/ -Ilib/fmt/include/ -Ilib/glew/include/ -Ilib/SDL2/include/ -Ilib/stb_image/ -Iinclude/
c++ -c src/component/meshComponent.cpp -o lib/static/meshComponent.o -Werror -Wall -std=c++17 -Wc++11-extensions -Wvexing-parse -stdlib=libc++ -Ilib/glm/ -Ilib/spdlog/include/ -Ilib/rapidjson/include/ -Ilib/fmt/include/ -Ilib/glew/include/ -Ilib/SDL2/include/ -Ilib/stb_image/ -Iinclude/
c++ -c src/component/textureAtlasComponent.cpp -o lib/static/textureAtlasComponent.o -Werror -Wall -std=c++17 -Wc++11-extensions -Wvexing-parse -stdlib=libc++ -Ilib/glm/ -Ilib/spdlog/include/ -Ilib/rapidjson/include/ -Ilib/fmt/include/ -Ilib/glew/include/ -Ilib/SDL2/include/ -Ilib/stb_image/ -Iinclude/
c++ -c src/component/textureComponent.cpp -o lib/static/textureComponent.o -Werror -Wall -std=c++17 -Wc++11-extensions -Wvexing-parse -stdlib=libc++ -Ilib/glm/ -Ilib/spdlog/include/ -Ilib/rapidjson/include/ -Ilib/fmt/include/ -Ilib/glew/include/ -Ilib/SDL2/include/ -Ilib/stb_image/ -Iinclude/
c++ -c src/component/transformComponent.cpp -o lib/static/transformComponent.o -Werror -Wall -std=c++17 -Wc++11-extensions -Wvexing-parse -stdlib=libc++ -Ilib/glm/ -Ilib/spdlog/include/ -Ilib/rapidjson/include/ -Ilib/fmt/include/ -Ilib/glew/include/ -Ilib/SDL2/include/ -Ilib/stb_image/ -Iinclude/
c++ -c src/core/config.cpp -o lib/static/config.o -Werror -Wall -std=c++17 -Wc++11-extensions -Wvexing-parse -stdlib=libc++ -Ilib/glm/ -Ilib/spdlog/include/ -Ilib/rapidjson/include/ -Ilib/fmt/include/ -Ilib/glew/include/ -Ilib/SDL2/include/ -Ilib/stb_image/ -Iinclude/
c++ -c src/core/entryPoint.cpp -o lib/static/entryPoint.o -Werror -Wall -std=c++17 -Wc++11-extensions -Wvexing-parse -stdlib=libc++ -Ilib/glm/ -Ilib/spdlog/include/ -Ilib/rapidjson/include/ -Ilib/fmt/include/ -Ilib/glew/include/ -Ilib/SDL2/include/ -Ilib/stb_image/ -Iinclude/
c++ -c src/core/graphics.cpp -o lib/static/graphics.o -Werror -Wall -std=c++17 -Wc++11-extensions -Wvexing-parse -stdlib=libc++ -Ilib/glm/ -Ilib/spdlog/include/ -Ilib/rapidjson/include/ -Ilib/fmt/include/ -Ilib/glew/include/ -Ilib/SDL2/include/ -Ilib/stb_image/ -Iinclude/
c++ -c src/core/inputManager.cpp -o lib/static/inputManager.o -Werror -Wall -std=c++17 -Wc++11-extensions -Wvexing-parse -stdlib=libc++ -Ilib/glm/ -Ilib/spdlog/include/ -Ilib/rapidjson/include/ -Ilib/fmt/include/ -Ilib/glew/include/ -Ilib/SDL2/include/ -Ilib/stb_image/ -Iinclude/
c++ -c src/core/logger.cpp -o lib/static/logger.o -Werror -Wall -std=c++17 -Wc++11-extensions -Wvexing-parse -stdlib=libc++ -Ilib/glm/ -Ilib/spdlog/include/ -Ilib/rapidjson/include/ -Ilib/fmt/include/ -Ilib/glew/include/ -Ilib/SDL2/include/ -Ilib/stb_image/ -Iinclude/
c++ -c src/core/page.cpp -o lib/static/page.o -Werror -Wall -std=c++17 -Wc++11-extensions -Wvexing-parse -stdlib=libc++ -Ilib/glm/ -Ilib/spdlog/include/ -Ilib/rapidjson/include/ -Ilib/fmt/include/ -Ilib/glew/include/ -Ilib/SDL2/include/ -Ilib/stb_image/ -Iinclude/
c++ -c src/core/timer.cpp -o lib/static/timer.o -Werror -Wall -std=c++17 -Wc++11-extensions -Wvexing-parse -stdlib=libc++ -Ilib/glm/ -Ilib/spdlog/include/ -Ilib/rapidjson/include/ -Ilib/fmt/include/ -Ilib/glew/include/ -Ilib/SDL2/include/ -Ilib/stb_image/ -Iinclude/
c++ -c src/core/window.cpp -o lib/static/window.o -Werror -Wall -std=c++17 -Wc++11-extensions -Wvexing-parse -stdlib=libc++ -Ilib/glm/ -Ilib/spdlog/include/ -Ilib/rapidjson/include/ -Ilib/fmt/include/ -Ilib/glew/include/ -Ilib/SDL2/include/ -Ilib/stb_image/ -Iinclude/
c++ -c src/entity/entity.cpp -o lib/static/entity.o -Werror -Wall -std=c++17 -Wc++11-extensions -Wvexing-parse -stdlib=libc++ -Ilib/glm/ -Ilib/spdlog/include/ -Ilib/rapidjson/include/ -Ilib/fmt/include/ -Ilib/glew/include/ -Ilib/SDL2/include/ -Ilib/stb_image/ -Iinclude/
c++ -c src/geometry/cube.cpp -o lib/static/cube.o -Werror -Wall -std=c++17 -Wc++11-extensions -Wvexing-parse -stdlib=libc++ -Ilib/glm/ -Ilib/spdlog/include/ -Ilib/rapidjson/include/ -Ilib/fmt/include/ -Ilib/glew/include/ -Ilib/SDL2/include/ -Ilib/stb_image/ -Iinclude/
c++ -c src/geometry/rectangle.cpp -o lib/static/rectangle.o -Werror -Wall -std=c++17 -Wc++11-extensions -Wvexing-parse -stdlib=libc++ -Ilib/glm/ -Ilib/spdlog/include/ -Ilib/rapidjson/include/ -Ilib/fmt/include/ -Ilib/glew/include/ -Ilib/SDL2/include/ -Ilib/stb_image/ -Iinclude/
c++ -c src/geometry/sphere.cpp -o lib/static/sphere.o -Werror -Wall -std=c++17 -Wc++11-extensions -Wvexing-parse -stdlib=libc++ -Ilib/glm/ -Ilib/spdlog/include/ -Ilib/rapidjson/include/ -Ilib/fmt/include/ -Ilib/glew/include/ -Ilib/SDL2/include/ -Ilib/stb_image/ -Iinclude/
c++ -c src/physics/colliderComponent.cpp -o lib/static/colliderComponent.o -Werror -Wall -std=c++17 -Wc++11-extensions -Wvexing-parse -stdlib=libc++ -Ilib/glm/ -Ilib/spdlog/include/ -Ilib/rapidjson/include/ -Ilib/fmt/include/ -Ilib/glew/include/ -Ilib/SDL2/include/ -Ilib/stb_image/ -Iinclude/
c++ -c src/physics/collisions.cpp -o lib/static/collisions.o -Werror -Wall -std=c++17 -Wc++11-extensions -Wvexing-parse -stdlib=libc++ -Ilib/glm/ -Ilib/spdlog/include/ -Ilib/rapidjson/include/ -Ilib/fmt/include/ -Ilib/glew/include/ -Ilib/SDL2/include/ -Ilib/stb_image/ -Iinclude/
c++ -c src/physics/cubeCollider.cpp -o lib/static/cubeCollider.o -Werror -Wall -std=c++17 -Wc++11-extensions -Wvexing-parse -stdlib=libc++ -Ilib/glm/ -Ilib/spdlog/include/ -Ilib/rapidjson/include/ -Ilib/fmt/include/ -Ilib/glew/include/ -Ilib/SDL2/include/ -Ilib/stb_image/ -Iinclude/
c++ -c src/physics/physicsBody.cpp -o lib/static/physicsBody.o -Werror -Wall -std=c++17 -Wc++11-extensions -Wvexing-parse -stdlib=libc++ -Ilib/glm/ -Ilib/spdlog/include/ -Ilib/rapidjson/include/ -Ilib/fmt/include/ -Ilib/glew/include/ -Ilib/SDL2/include/ -Ilib/stb_image/ -Iinclude/
c++ -c src/physics/physicsWorld.cpp -o lib/static/physicsWorld.o -Werror -Wall -std=c++17 -Wc++11-extensions -Wvexing-parse -stdlib=libc++ -Ilib/glm/ -Ilib/spdlog/include/ -Ilib/rapidjson/include/ -Ilib/fmt/include/ -Ilib/glew/include/ -Ilib/SDL2/include/ -Ilib/stb_image/ -Iinclude/
c++ -c src/physics/sphereCollider.cpp -o lib/static/sphereCollider.o -Werror -Wall -std=c++17 -Wc++11-extensions -Wvexing-parse -stdlib=libc++ -Ilib/glm/ -Ilib/spdlog/include/ -Ilib/rapidjson/include/ -Ilib/fmt/include/ -Ilib/glew/include/ -Ilib/SDL2/include/ -Ilib/stb_image/ -Iinclude/
c++ -c src/projection/orthographicProjection.cpp -o lib/static/orthographicProjection.o -Werror -Wall -std=c++17 -Wc++11-extensions -Wvexing-parse -stdlib=libc++ -Ilib/glm/ -Ilib/spdlog/include/ -Ilib/rapidjson/include/ -Ilib/fmt/include/ -Ilib/glew/include/ -Ilib/SDL2/include/ -Ilib/stb_image/ -Iinclude/
c++ -c src/projection/perspectiveProjection.cpp -o lib/static/perspectiveProjection.o -Werror -Wall -std=c++17 -Wc++11-extensions -Wvexing-parse -stdlib=libc++ -Ilib/glm/ -Ilib/spdlog/include/ -Ilib/rapidjson/include/ -Ilib/fmt/include/ -Ilib/glew/include/ -Ilib/SDL2/include/ -Ilib/stb_image/ -Iinclude/
 
c++ -c src/renderer/renderBatch.cpp -o lib/static/renderBatch.o -Werror -Wall -std=c++17 -Wc++11-extensions -Wvexing-parse -stdlib=libc++ -Ilib/glm/ -Ilib/spdlog/include/ -Ilib/rapidjson/include/ -Ilib/fmt/include/ -Ilib/glew/include/ -Ilib/SDL2/include/ -Ilib/stb_image/ -Iinclude/
c++ -c src/renderer/renderer.cpp -o lib/static/renderer.o -Werror -Wall -std=c++17 -Wc++11-extensions -Wvexing-parse -stdlib=libc++ -Ilib/glm/ -Ilib/spdlog/include/ -Ilib/rapidjson/include/ -Ilib/fmt/include/ -Ilib/glew/include/ -Ilib/SDL2/include/ -Ilib/stb_image/ -Iinclude/
c++ -c src/renderer/shader.cpp -o lib/static/shader.o -Werror -Wall -std=c++17 -Wc++11-extensions -Wvexing-parse -stdlib=libc++ -Ilib/glm/ -Ilib/spdlog/include/ -Ilib/rapidjson/include/ -Ilib/fmt/include/ -Ilib/glew/include/ -Ilib/SDL2/include/ -Ilib/stb_image/ -Iinclude/
c++ -c src/renderer/shaderManager.cpp -o lib/static/shaderManager.o -Werror -Wall -std=c++17 -Wc++11-extensions -Wvexing-parse -stdlib=libc++ -Ilib/glm/ -Ilib/spdlog/include/ -Ilib/rapidjson/include/ -Ilib/fmt/include/ -Ilib/glew/include/ -Ilib/SDL2/include/ -Ilib/stb_image/ -Iinclude/
c++ -c src/support/color.cpp -o lib/static/color.o -Werror -Wall -std=c++17 -Wc++11-extensions -Wvexing-parse -stdlib=libc++ -Ilib/glm/ -Ilib/spdlog/include/ -Ilib/rapidjson/include/ -Ilib/fmt/include/ -Ilib/glew/include/ -Ilib/SDL2/include/ -Ilib/stb_image/ -Iinclude/
c++ -c src/support/math.cpp -o lib/static/math.o -Werror -Wall -std=c++17 -Wc++11-extensions -Wvexing-parse -stdlib=libc++ -Ilib/glm/ -Ilib/spdlog/include/ -Ilib/rapidjson/include/ -Ilib/fmt/include/ -Ilib/glew/include/ -Ilib/SDL2/include/ -Ilib/stb_image/ -Iinclude/
c++ -c src/support/random.cpp -o lib/static/random.o -Werror -Wall -std=c++17 -Wc++11-extensions -Wvexing-parse -stdlib=libc++ -Ilib/glm/ -Ilib/spdlog/include/ -Ilib/rapidjson/include/ -Ilib/fmt/include/ -Ilib/glew/include/ -Ilib/SDL2/include/ -Ilib/stb_image/ -Iinclude/
c++ -c src/vertex/vertexComponent.cpp -o lib/static/vertexComponent.o -Werror -Wall -std=c++17 -Wc++11-extensions -Wvexing-parse -stdlib=libc++ -Ilib/glm/ -Ilib/spdlog/include/ -Ilib/rapidjson/include/ -Ilib/fmt/include/ -Ilib/glew/include/ -Ilib/SDL2/include/ -Ilib/stb_image/ -Iinclude/
c++ -c src/vertex/vertexLayout.cpp -o lib/static/vertexLayout.o -Werror -Wall -std=c++17 -Wc++11-extensions -Wvexing-parse -stdlib=libc++ -Ilib/glm/ -Ilib/spdlog/include/ -Ilib/rapidjson/include/ -Ilib/fmt/include/ -Ilib/glew/include/ -Ilib/SDL2/include/ -Ilib/stb_image/ -Iinclude/
c++ -c lib/stb_image/stb_image.cpp -o lib/static/stb_image.o -Werror -Wall -std=c++17 -Wc++11-extensions -Wvexing-parse -stdlib=libc++ -Ilib/glm/ -Ilib/spdlog/include/ -Ilib/rapidjson/include/ -Ilib/fmt/include/ -Ilib/glew/include/ -Ilib/SDL2/include/ -Ilib/stb_image/ -Iinclude/
ar rcs lib/static/libmayGL.a lib/static/camera.o camera2D.o camera3D.o colorComponent.o meshComponent.o textureAtlasComponent.o textureComponent.o transformComponent.o config.o entryPoint.o graphics.o inputManager.o logger.o page.o timer.o window.o entity.o cube.o rectangle.o sphere.o colliderComponent.o collisions.o cubeCollider.o physicsBody.o physicsWorld.o sphereCollider.o orthographicProjection.o perspectiveProjection.o renderBatch.o renderer.o shader.o shaderManager.o color.o math.o random.o vertexComponent.o vertexLayout.o stb_image.o
make: Leaving directory `/Users/ethanhofton/Documents/c++/mayGL'
 
