make all --print-data-base --no-builtin-variables --no-builtin-rules --question
# GNU Make 3.81
# Copyright (C) 2006  Free Software Foundation, Inc.
# This is free software; see the source for copying conditions.
# There is NO warranty; not even for MERCHANTABILITY or FITNESS FOR A
# PARTICULAR PURPOSE.

# This program built for i386-apple-darwin11.3.0
 

# Make data base, printed on Sun Jan  2 12:18:59 2022

# Variables

 
# automatic
<D = $(patsubst %/,%,$(dir $<))
# automatic
?F = $(notdir $?)
# makefile (from `Makefile', line 16)
OBJ = $(SRC:.cpp=.o)
# makefile (from `Makefile', line 15)
SRC = $(wildcard src/**/*.cpp) $(wildcard lib/stb_image/*.cpp)
# environment
VSCODE_LOG_NATIVE = false
# automatic
?D = $(patsubst %/,%,$(dir $?))
# automatic
@D = $(patsubst %/,%,$(dir $@))
# automatic
@F = $(notdir $@)
# makefile
CURDIR := /Users/ethanhofton/Documents/c++/mayGL
# makefile
SHELL = /bin/sh
# makefile (from `Makefile', line 17)
BIN = lib
# environment
VSCODE_NLS_CONFIG = {"locale":"en-gb","availableLanguages":{},"_languagePackSupport":true}
# environment
_ = /usr/bin/make
# makefile (from `Makefile', line 1)
MAKEFILE_LIST :=  Makefile
# makefile (from `Makefile', line 8)
CXXFLAGS = -Werror -Wall -std=c++17 -Wc++11-extensions -Wvexing-parse -stdlib=libc++ -Ilib/glm/ -Ilib/spdlog/include/ -Ilib/rapidjson/include/ -Ilib/fmt/include/ -Ilib/glew/include/ -Ilib/SDL2/include/ -Ilib/stb_image/ -Iinclude/
# environment
VSCODE_VERBOSE_LOGGING = true
# environment
__CFBundleIdentifier = com.microsoft.VSCode
# environment
VSCODE_IPC_HOOK_EXTHOST = /var/folders/dr/nc_4kvm55vzd9j9tlwrgq62r0000gn/T/vscode-ipc-31c864f4-2ffe-4c0e-a8b8-fe937d1e67f3.sock
# environment
VSCODE_CWD = /
# environment
PATH = /usr/local/bin:/usr/bin:/bin:/usr/sbin:/sbin:/Library/Apple/usr/bin
# environment
VSCODE_LOG_STACK = false
# environment
ELECTRON_RUN_AS_NODE = 1
# makefile (from `Makefile', line 12)
LDFLAGS = lib/glew/lib/libGLEW.a `sdl2-config --static-libs` -framework OpenGL -framework IOKit -framework CoreVideo -framework Cocoa -framework CoreAudio
# default
.FEATURES := target-specific order-only second-expansion else-if archives jobserver check-symlink
# environment
SSH_AUTH_SOCK = /private/tmp/com.apple.launchd.QO8P5Odkf0/Listeners
# automatic
%F = $(notdir $%)
# makefile (from `Makefile', line 1)
UNAME_S = $(shell uname -s)
# environment
VSCODE_PIPE_LOGGING = true
# environment
PWD = /Users/ethanhofton/Documents/c++/mayGL
# environment
ORIGINAL_XDG_CURRENT_DESKTOP = undefined
# environment
VSCODE_AMD_ENTRYPOINT = vs/workbench/services/extensions/node/extensionHostProcess
# environment
HOME = /Users/ethanhofton
# default
MAKEFILEPATH = $(shell /usr/bin/xcode-select -print-path 2>/dev/null || echo /Developer)/Makefiles
# environment
VSCODE_CODE_CACHE_PATH = /Users/ethanhofton/Library/Application Support/Code/CachedData/899d46d82c4c95423fb7e10e68eba52050e30ba3
# environment
LOGNAME = ethanhofton
# environment
APPLICATION_INSIGHTS_NO_DIAGNOSTIC_CHANNEL = true
# environment
VSCODE_HANDLES_UNCAUGHT_ERRORS = true
# automatic
^D = $(patsubst %/,%,$(dir $^))
# environment
XPC_FLAGS = 0x0
# default
MAKE = $(MAKE_COMMAND)
# default
MAKECMDGOALS := all
# environment
SHLVL = 1
# makefile (from `Makefile', line 3)
CC = c++
# default
MAKE_VERSION := 3.81
# environment
USER = ethanhofton
# makefile
.DEFAULT_GOAL := all
# automatic
%D = $(patsubst %/,%,$(dir $%))
# default
MAKE_COMMAND := /Library/Developer/CommandLineTools/usr/bin/make
# default
.VARIABLES := 
# environment
TMPDIR = /var/folders/dr/nc_4kvm55vzd9j9tlwrgq62r0000gn/T/
# automatic
*F = $(notdir $*)
# environment
VSCODE_IPC_HOOK = /Users/ethanhofton/Library/Application Support/Code/1.63.2-main.sock
# makefile (from `Makefile', line 18)
PROGRAM = mayGL
# makefile
MAKEFLAGS = Rrqp
# environment
MFLAGS = -Rrqp
# automatic
*D = $(patsubst %/,%,$(dir $*))
# environment
XPC_SERVICE_NAME = application.com.microsoft.VSCode.17432837.17432843
# automatic
+D = $(patsubst %/,%,$(dir $+))
# automatic
+F = $(notdir $+)
# environment
__CF_USER_TEXT_ENCODING = 0x1F5:0:2
# environment
COMMAND_MODE = unix2003
# default
MAKEFILES := 
# automatic
<F = $(notdir $<)
# environment
LC_ALL = C
# automatic
^F = $(notdir $^)
# default
SUFFIXES := 
# default
.INCLUDE_DIRS = /usr/local/include
# environment
MAKELEVEL := 0
# environment
LANG = C
# environment
VSCODE_PID = 52260
# variable set hash-table stats:
# Load=70/1024=7%, Rehash=0, Collisions=3/111=3%

# Pattern-specific Variable Values

# No pattern-specific variable values.

# Directories

# src/camera (device 16777223, inode 17991289): 6 files, no impossibilities.
# src/entity (device 16777223, inode 17991293): 3 files, no impossibilities.
# src/physics (device 16777223, inode 17991297): 8 files, no impossibilities.
# . (device 16777223, inode 17990180): 11 files, no impossibilities.
# src/core (device 16777223, inode 17991291): 10 files, no impossibilities.
# src/projection (device 16777223, inode 17991298): 4 files, no impossibilities.
# src/component (device 16777223, inode 17991290): 7 files, no impossibilities.
# src/support (device 16777223, inode 17991303): 5 files, no impossibilities.
# src/vertex (device 16777223, inode 17991304): 4 files, no impossibilities.
# src/renderer (device 16777223, inode 17991300): 6 files, no impossibilities.
# lib/stb_image (device 16777223, inode 18000406): 4 files, no impossibilities.
# src/geometry (device 16777223, inode 17991295): 5 files, no impossibilities.

# 73 files, no impossibilities in 12 directories.

# Implicit Rules

%.o: %.cpp
#  commands to execute (from `Makefile', line 38):
	$(CC) -c $< -o $@ $(CXXFLAGS)
	

# 1 implicit rules, 0 (0.0%) terminal.

# Files

# Not a target:
src/core/graphics.o:
#  Implicit rule search has not been done.
#  Modification time never checked.
#  File has not been updated.

# Not a target:
 
src/component/colorComponent.o:
#  Implicit rule search has not been done.
#  Modification time never checked.
#  File has not been updated.

program: src/camera/camera.o src/camera/camera2D.o src/camera/camera3D.o src/component/colorComponent.o src/component/meshComponent.o src/component/textureAtlasComponent.o src/component/textureComponent.o src/component/transformComponent.o src/core/config.o src/core/entryPoint.o src/core/graphics.o src/core/inputManager.o src/core/logger.o src/core/page.o src/core/timer.o src/core/window.o src/entity/entity.o src/geometry/cube.o src/geometry/rectangle.o src/geometry/sphere.o src/physics/colliderComponent.o src/physics/collisions.o src/physics/cubeCollider.o src/physics/physicsBody.o src/physics/physicsWorld.o src/physics/sphereCollider.o src/projection/orthographicProjection.o src/projection/perspectiveProjection.o src/renderer/renderBatch.o src/renderer/renderer.o src/renderer/shader.o src/renderer/shaderManager.o src/support/color.o src/support/math.o src/support/random.o src/vertex/vertexComponent.o src/vertex/vertexLayout.o lib/stb_image/stb_image.o
#  Implicit rule search has not been done.
#  Modification time never checked.
#  File has not been updated.
#  commands to execute (from `Makefile', line 35):
	ar rcs $(BIN)/static/lib$(PROGRAM).a $^
	

# Not a target:
src/physics/collisions.o:
#  Implicit rule search has not been done.
#  Modification time never checked.
#  File has not been updated.

# Not a target:
src/component/transformComponent.o:
#  Implicit rule search has not been done.
#  Modification time never checked.
#  File has not been updated.

# Not a target:
src/component/meshComponent.o:
#  Implicit rule search has not been done.
#  Modification time never checked.
#  File has not been updated.

# Not a target:
src/entity/entity.o:
#  Implicit rule search has not been done.
#  Modification time never checked.
#  File has not been updated.

all: dirs libs program
#  Phony target (prerequisite of .PHONY).
#  Command-line target.
#  Implicit rule search has not been done.
#  File does not exist.
#  File has been updated.
#  Needs to be updated (-q is set).
# variable set hash-table stats:
# Load=0/32=0%, Rehash=0, Collisions=0/4=0%

# Not a target:
src/physics/physicsWorld.o:
#  Implicit rule search has not been done.
#  Modification time never checked.
#  File has not been updated.

# Not a target:
src/renderer/renderBatch.o:
#  Implicit rule search has not been done.
#  Modification time never checked.
#  File has not been updated.

.PHONY: all clean
#  Implicit rule search has not been done.
#  Modification time never checked.
#  File has not been updated.

# Not a target:
src/vertex/vertexComponent.o:
#  Implicit rule search has not been done.
#  Modification time never checked.
#  File has not been updated.

# Not a target:
src/physics/sphereCollider.o:
#  Implicit rule search has not been done.
#  Modification time never checked.
#  File has not been updated.

# Not a target:
src/camera/camera3D.o:
#  Implicit rule search has not been done.
#  Modification time never checked.
#  File has not been updated.

# Not a target:
src/core/logger.o:
#  Implicit rule search has not been done.
#  Modification time never checked.
#  File has not been updated.

# Not a target:
src/core/config.o:
#  Implicit rule search has not been done.
#  Modification time never checked.
#  File has not been updated.

# Not a target:
src/physics/colliderComponent.o:
#  Implicit rule search has not been done.
#  Modification time never checked.
#  File has not been updated.

# Not a target:
src/vertex/vertexLayout.o:
#  Implicit rule search has not been done.
#  Modification time never checked.
#  File has not been updated.

# Not a target:
src/component/textureComponent.o:
#  Implicit rule search has not been done.
#  Modification time never checked.
#  File has not been updated.

# Not a target:
.SUFFIXES:
#  Implicit rule search has not been done.
#  Modification time never checked.
#  File has not been updated.

# Not a target:
src/projection/orthographicProjection.o:
#  Implicit rule search has not been done.
#  Modification time never checked.
#  File has not been updated.

# Not a target:
Makefile:
#  Implicit rule search has been done.
#  Last modified 2022-01-02 12:18:18
#  File has been updated.
#  Successfully updated.
# variable set hash-table stats:
# Load=0/32=0%, Rehash=0, Collisions=0/0=0%

libs:
#  Implicit rule search has not been done.
#  Modification time never checked.
#  File has not been updated.
#  commands to execute (from `Makefile', line 29):
	cd lib/spdlog && cmake . && make
	cd lib/fmt && cmake . && make
	cd lib/glew/auto && make && cd .. && make && make install
	cd lib/SDL2 && mkdir -p build && cd build && cmake .. && make
	

# Not a target:
src/renderer/renderer.o:
#  Implicit rule search has not been done.
#  Modification time never checked.
#  File has not been updated.

# Not a target:
src/core/timer.o:
#  Implicit rule search has not been done.
#  Modification time never checked.
#  File has not been updated.
 

# Not a target:
src/geometry/rectangle.o:
#  Implicit rule search has not been done.
#  Modification time never checked.
#  File has not been updated.

dirs:
#  Implicit rule search has not been done.
#  Implicit/static pattern stem: `'
#  File does not exist.
#  File has been updated.
#  Needs to be updated (-q is set).
# automatic
# @ := dirs
# automatic
# % := 
# automatic
# * := 
# automatic
# + := 
# automatic
# | := 
# automatic
# < := 
# automatic
# ^ := 
# automatic
# ? := 
# variable set hash-table stats:
# Load=8/32=25%, Rehash=0, Collisions=1/12=8%
#  commands to execute (from `Makefile', line 25):
	mkdir -p $(BIN)
	mkdir -p $(BIN)/static
	

# Not a target:
src/core/page.o:
#  Implicit rule search has not been done.
#  Modification time never checked.
#  File has not been updated.

# Not a target:
src/physics/cubeCollider.o:
#  Implicit rule search has not been done.
#  Modification time never checked.
#  File has not been updated.

# Not a target:
src/component/textureAtlasComponent.o:
#  Implicit rule search has not been done.
#  Modification time never checked.
#  File has not been updated.

# Not a target:
src/support/math.o:
#  Implicit rule search has not been done.
#  Modification time never checked.
#  File has not been updated.

# Not a target:
.DEFAULT:
#  Implicit rule search has not been done.
#  Modification time never checked.
#  File has not been updated.

# Not a target:
src/camera/camera.o:
#  Implicit rule search has not been done.
#  Modification time never checked.
#  File has not been updated.

# Not a target:
src/support/color.o:
#  Implicit rule search has not been done.
#  Modification time never checked.
#  File has not been updated.

# Not a target:
src/geometry/sphere.o:
#  Implicit rule search has not been done.
#  Modification time never checked.
#  File has not been updated.

# Not a target:
src/projection/perspectiveProjection.o:
#  Implicit rule search has not been done.
#  Modification time never checked.
#  File has not been updated.

clean:
#  Phony target (prerequisite of .PHONY).
#  Implicit rule search has not been done.
#  File does not exist.
#  File has not been updated.
#  commands to execute (from `Makefile', line 41):
	rm -rf $(BIN)/static
	

# Not a target:
src/renderer/shader.o:
#  Implicit rule search has not been done.
#  Modification time never checked.
#  File has not been updated.

# Not a target:
src/camera/camera2D.o:
#  Implicit rule search has not been done.
#  Modification time never checked.
#  File has not been updated.

# Not a target:
src/core/window.o:
#  Implicit rule search has not been done.
#  Modification time never checked.
#  File has not been updated.

# Not a target:
src/core/entryPoint.o:
#  Implicit rule search has not been done.
#  Modification time never checked.
 
#  File has not been updated.

# Not a target:
src/physics/physicsBody.o:
#  Implicit rule search has not been done.
#  Modification time never checked.
#  File has not been updated.

# Not a target:
src/renderer/shaderManager.o:
#  Implicit rule search has not been done.
#  Modification time never checked.
#  File has not been updated.

# Not a target:
src/core/inputManager.o:
#  Implicit rule search has not been done.
#  Modification time never checked.
#  File has not been updated.

# Not a target:
lib/stb_image/stb_image.o:
#  Implicit rule search has not been done.
#  Modification time never checked.
#  File has not been updated.

# Not a target:
src/geometry/cube.o:
#  Implicit rule search has not been done.
#  Modification time never checked.
#  File has not been updated.

# Not a target:
src/support/random.o:
#  Implicit rule search has not been done.
#  Modification time never checked.
#  File has not been updated.

# files hash-table stats:
# Load=47/1024=5%, Rehash=0, Collisions=6/104=6%
# VPATH Search Paths

# No `vpath' search paths.

# No general (`VPATH' variable) search path.

# # of strings in strcache: 1
# # of strcache buffers: 1
# strcache size: total = 4096 / max = 4096 / min = 4096 / avg = 4096
# strcache free: total = 4087 / max = 4087 / min = 4087 / avg = 4087

# Finished Make data base on Sun Jan  2 12:18:59 2022

 
